accountsservice
autoconf-archive
caribou
cinnamon
cinnamon-control-center
cinnamon-desktop
cinnamon-menus
cinnamon-screensaver
cinnamon-session
cinnamon-settings-daemon
cinnamon-translations
cjs
clutter
clutter-gtk
cogl
colord
cracklib
dbus-python3
gnome-menus
graphviz
gsound
json-glib
krb5
libcroco
libdbusmenu
libgee
libgnomekbd
libgtop
libgusb
libtimezonemap
libsass
metacity
mint-cursor-themes
mint-themes
mint-l-icons
mint-y-icons
mint-y-theme
mozjs
mozjs115
muffin
nemo
pam
pangox-compat
pexpect
pia-manager
polib
psutil
ptyprocess
py3cairo
pygobject3-python3
python-pam
python3
python3-libsass
python3-webencodings
python3-xapp
pytz
sassc
setproctitle
speex
tinycss
tinycss2
vala
xapp
xapps
xdotool
zenity
