Cython
LibRaw
MPlayer
aom
aspell
atkmm
# requires qt5 now:
#audacious
#audacious-plugins
blueman
cairomm
cairomm1
dav1d
farstream
ffmpegthumbnailer
fltk
geeqie
#gftp
gimp
gkrellm
glibmm
glibmm2
gnuchess
gparted
gtkmm3
gtkmm4
gucharmap
gv
hexchat
imagemagick
# Needed in Core OS, moved to noxbase:
#jansson
libass
libcue
libgnt
libnice
libnma
libpaper
libplacebo
libptytty
libsigc++
libsigc++3
libsodium
libunibreak
libyaml
libzip
lftp
lua
luajit
mozilla-firefox
#mozilla-thunderbird
mpv
mujs
network-manager-applet
pangomm
pangomm2
pavucontrol
pidgin
polkit-gnome
python-cffi
python-pycparser
rdesktop
ruby
rxvt
rxvt-unicode
sane
#seamonkey
seamonkey-solibs
tigervnc
vid.stab
vim
vim-gvim
x11-ssh-askpass
x3270
#xfractint
xgames
xlockmore
xmms
#xpaint
xorriso
# Now needs qt:
#xpdf
# Needs gimp:
xsane
