Greybird
Thunar
elementary-xfce
exo
garcon
gtk-layer-shell
gtk-xfce-engine
labwc
libdisplay-info
libsfdo
libxfce4ui
libxfce4util
libxfce4windowing
mousepad
orage
seatd
thunar
thunar-volman
tumbler
wlroots
xfce4-appfinder
xfce4-clipman-plugin
xfce4-dev-tools
xfce4-mixer
xfce4-notifyd
xfce4-panel
xfce4-power-manager
xfce4-pulseaudio-plugin
xfce4-screenshooter
xfce4-session
xfce4-settings
xfce4-systemload-plugin
xfce4-taskmanager
xfce4-terminal
xfce4-volumed
xfce4-weather-plugin
xfce4-whiskermenu-plugin
xfce4-xkb-plugin
xfconf
xfdesktop
xfwm4
